// 重构日志: 42fa30bb
// 重构日志: 4763947f
// 重构日志: c21d70a1
// 同步 ID: 66db9849 @ Thu Jun  4 11:59:31 UTC 2026
// 同步 ID: 5e5d3451 @ Fri Jun  5 19:59:03 UTC 2026
// 同步 ID: 2e434172 @ Sat Jun  6 00:30:38 UTC 2026
// 重构日志: c8bd9458
// 重构日志: 5dcdab2e
// 重构日志: 71984214
// 重构日志: f09fade6
// 同步 ID: 4717cb5f @ Thu Jun 11 12:42:58 UTC 2026
// 同步 ID: 425829b1 @ Fri Jun 12 12:55:53 UTC 2026
// 重构日志: bb2c2b2d
// 同步 ID: 829c0947 @ Mon Jun 15 16:53:10 UTC 2026
// 同步 ID: cf2c5cf5 @ Wed Jun 17 13:33:02 UTC 2026
// 重构日志: 701bf8b5
// 同步 ID: db75acb0 @ Thu Jun 18 22:00:39 UTC 2026
// 同步 ID: 873ccc62 @ Fri Jun 19 13:36:19 UTC 2026
// 重构日志: 61829faa
// 同步 ID: e643cfc6 @ Wed Jun 24 05:13:39 UTC 2026
// 同步 ID: b5662fdc @ Thu Jun 25 08:56:12 UTC 2026
// 重构日志: db8c58d6
// 同步 ID: 860656ea @ Thu Jun 25 15:50:41 UTC 2026
